<?xml version="1.0" encoding="UTF-8"?>
<!-- Generated by org.testng.reporters.JUnitXMLReporter -->
<<<<<<< Updated upstream
<testsuite ignored="16" hostname="DESKTOP-N2T4CKF" failures="1" tests="1" name="Default test" time="35.951" errors="0" timestamp="2022-12-29T21:26:10 EST">
  <testcase classname="testPages.HomePageTest" name="use_of_clear_method_in_searchEngine" time="31.025">
    <failure type="org.openqa.selenium.NoSuchElementException" message="no such element: Unable to locate element: {&amp;quot;method&amp;quot;:&amp;quot;css selector&amp;quot;,&amp;quot;selector&amp;quot;:&amp;quot;#uid_56&amp;quot;}
  (Session info: chrome=108.0.5359.125)
For documentation on this error, please visit: https://selenium.dev/exceptions/#no_such_element
Build info: version: &amp;apos;4.6.0&amp;apos;, revision: &amp;apos;79f1c02ae20&amp;apos;
System info: os.name: &amp;apos;Windows 11&amp;apos;, os.arch: &amp;apos;amd64&amp;apos;, os.version: &amp;apos;10.0&amp;apos;, java.version: &amp;apos;11.0.16&amp;apos;
Driver info: org.openqa.selenium.chrome.ChromeDriver
Command: [f69a86072995b0f84591caa411d85405, findElement {using=id, value=uid_56}]
Capabilities {acceptInsecureCerts: false, browserName: chrome, browserVersion: 108.0.5359.125, chrome: {chromedriverVersion: 108.0.5359.71 (1e0e3868ee06..., userDataDir: C:\Users\numan\AppData\Loca...}, goog:chromeOptions: {debuggerAddress: localhost:57119}, networkConnectionEnabled: false, pageLoadStrategy: normal, platformName: WINDOWS, proxy: Proxy(), se:cdp: ws://localhost:57119/devtoo..., se:cdpVersion: 108.0.5359.125, setWindowRect: true, strictFileInteractability: false, timeouts: {implicit: 0, pageLoad: 300000, script: 30000}, unhandledPromptBehavior: dismiss and notify, webauthn:extension:credBlob: true, webauthn:extension:largeBlob: true, webauthn:virtualAuthenticators: true}
Session ID: f69a86072995b0f84591caa411d85405">
      <![CDATA[org.openqa.selenium.NoSuchElementException: no such element: Unable to locate element: {"method":"css selector","selector":"#uid_56"}
  (Session info: chrome=108.0.5359.125)
For documentation on this error, please visit: https://selenium.dev/exceptions/#no_such_element
Build info: version: '4.6.0', revision: '79f1c02ae20'
System info: os.name: 'Windows 11', os.arch: 'amd64', os.version: '10.0', java.version: '11.0.16'
Driver info: org.openqa.selenium.chrome.ChromeDriver
Command: [f69a86072995b0f84591caa411d85405, findElement {using=id, value=uid_56}]
Capabilities {acceptInsecureCerts: false, browserName: chrome, browserVersion: 108.0.5359.125, chrome: {chromedriverVersion: 108.0.5359.71 (1e0e3868ee06..., userDataDir: C:\Users\numan\AppData\Loca...}, goog:chromeOptions: {debuggerAddress: localhost:57119}, networkConnectionEnabled: false, pageLoadStrategy: normal, platformName: WINDOWS, proxy: Proxy(), se:cdp: ws://localhost:57119/devtoo..., se:cdpVersion: 108.0.5359.125, setWindowRect: true, strictFileInteractability: false, timeouts: {implicit: 0, pageLoad: 300000, script: 30000}, unhandledPromptBehavior: dismiss and notify, webauthn:extension:credBlob: true, webauthn:extension:largeBlob: true, webauthn:virtualAuthenticators: true}
Session ID: f69a86072995b0f84591caa411d85405
at java.base/jdk.internal.reflect.NativeConstructorAccessorImpl.newInstance0(Native Method)
at java.base/jdk.internal.reflect.NativeConstructorAccessorImpl.newInstance(NativeConstructorAccessorImpl.java:62)
at java.base/jdk.internal.reflect.DelegatingConstructorAccessorImpl.newInstance(DelegatingConstructorAccessorImpl.java:45)
at java.base/java.lang.reflect.Constructor.newInstance(Constructor.java:490)
at org.openqa.selenium.remote.codec.w3c.W3CHttpResponseCodec.createException(W3CHttpResponseCodec.java:200)
at org.openqa.selenium.remote.codec.w3c.W3CHttpResponseCodec.decode(W3CHttpResponseCodec.java:133)
at org.openqa.selenium.remote.codec.w3c.W3CHttpResponseCodec.decode(W3CHttpResponseCodec.java:53)
at org.openqa.selenium.remote.HttpCommandExecutor.execute(HttpCommandExecutor.java:184)
at org.openqa.selenium.remote.service.DriverCommandExecutor.invokeExecute(DriverCommandExecutor.java:167)
at org.openqa.selenium.remote.service.DriverCommandExecutor.execute(DriverCommandExecutor.java:142)
at org.openqa.selenium.remote.RemoteWebDriver.execute(RemoteWebDriver.java:541)
at org.openqa.selenium.remote.ElementLocation$ElementFinder$2.findElement(ElementLocation.java:162)
at org.openqa.selenium.remote.ElementLocation.findElement(ElementLocation.java:60)
at org.openqa.selenium.remote.RemoteWebDriver.findElement(RemoteWebDriver.java:365)
at org.openqa.selenium.remote.RemoteWebDriver.findElement(RemoteWebDriver.java:357)
at testPages.HomePageTest.use_of_clear_method_in_searchEngine(HomePageTest.java:127)
at java.base/jdk.internal.reflect.NativeMethodAccessorImpl.invoke0(Native Method)
at java.base/jdk.internal.reflect.NativeMethodAccessorImpl.invoke(NativeMethodAccessorImpl.java:62)
at java.base/jdk.internal.reflect.DelegatingMethodAccessorImpl.invoke(DelegatingMethodAccessorImpl.java:43)
at java.base/java.lang.reflect.Method.invoke(Method.java:566)
at org.testng.internal.invokers.MethodInvocationHelper.invokeMethod(MethodInvocationHelper.java:139)
at org.testng.internal.invokers.TestInvoker.invokeMethod(TestInvoker.java:677)
at org.testng.internal.invokers.TestInvoker.invokeTestMethod(TestInvoker.java:221)
at org.testng.internal.invokers.MethodRunner.runInSequence(MethodRunner.java:50)
at org.testng.internal.invokers.TestInvoker$MethodInvocationAgent.invoke(TestInvoker.java:962)
at org.testng.internal.invokers.TestInvoker.invokeTestMethods(TestInvoker.java:194)
at org.testng.internal.invokers.TestMethodWorker.invokeTestMethods(TestMethodWorker.java:148)
at org.testng.internal.invokers.TestMethodWorker.run(TestMethodWorker.java:128)
at java.base/java.util.ArrayList.forEach(ArrayList.java:1541)
at org.testng.TestRunner.privateRun(TestRunner.java:806)
at org.testng.TestRunner.run(TestRunner.java:601)
at org.testng.SuiteRunner.runTest(SuiteRunner.java:433)
at org.testng.SuiteRunner.runSequentially(SuiteRunner.java:427)
at org.testng.SuiteRunner.privateRun(SuiteRunner.java:387)
at org.testng.SuiteRunner.run(SuiteRunner.java:330)
at org.testng.SuiteRunnerWorker.runSuite(SuiteRunnerWorker.java:52)
at org.testng.SuiteRunnerWorker.run(SuiteRunnerWorker.java:95)
at org.testng.TestNG.runSuitesSequentially(TestNG.java:1256)
at org.testng.TestNG.runSuitesLocally(TestNG.java:1176)
at org.testng.TestNG.runSuites(TestNG.java:1099)
at org.testng.TestNG.run(TestNG.java:1067)
at org.testng.remote.AbstractRemoteTestNG.run(AbstractRemoteTestNG.java:115)
at org.testng.remote.RemoteTestNG.initAndRun(RemoteTestNG.java:251)
at org.testng.remote.RemoteTestNG.main(RemoteTestNG.java:77)
]]>
    </failure>
  </testcase> <!-- use_of_clear_method_in_searchEngine -->
  <testcase classname="testPages.HomePageTest" name="useOfPartialLinkTextAsLocator" time="0.0">
    <ignored/>
  </testcase> <!-- useOfPartialLinkTextAsLocator -->
  <testcase classname="testPages.HomePageTest" name="use_of_isEnabled_in_signin_button" time="0.0">
    <ignored/>
  </testcase> <!-- use_of_isEnabled_in_signin_button -->
  <testcase classname="testPages.HomePageTest" name="clickLogoTest" time="0.0">
    <ignored/>
  </testcase> <!-- clickLogoTest -->
  <testcase classname="testPages.HomePageTest" name="use_of_getTitle_and_getURL_in_insurance_page" time="0.0">
    <ignored/>
  </testcase> <!-- use_of_getTitle_and_getURL_in_insurance_page -->
  <testcase classname="testPages.HomePageTest" name="use_of_isDisplayed_in_logo_image" time="0.0">
    <ignored/>
  </testcase> <!-- use_of_isDisplayed_in_logo_image -->
  <testcase classname="testPages.HomePageTest" name="clickSignin02test" time="0.0">
    <ignored/>
  </testcase> <!-- clickSignin02test -->
  <testcase classname="testPages.HomePageTest" name="inputTextInUserIdFieldTest" time="0.0">
    <ignored/>
  </testcase> <!-- inputTextInUserIdFieldTest -->
  <testcase classname="testPages.HomePageTest" name="clickSignin01test" time="0.0">
    <ignored/>
  </testcase> <!-- clickSignin01test -->
  <testcase classname="testPages.HomePageTest" name="use_of_isSelected_in_remember_userID_checkbox" time="0.0">
    <ignored/>
  </testcase> <!-- use_of_isSelected_in_remember_userID_checkbox -->
  <testcase classname="testPages.HomePageTest" name="clickRememberUserIdCheckBoxTest" time="0.0">
    <ignored/>
  </testcase> <!-- clickRememberUserIdCheckBoxTest -->
  <testcase classname="testPages.HomePageTest" name="signinFunctionlityTest" time="0.0">
    <ignored/>
  </testcase> <!-- signinFunctionlityTest -->
  <testcase classname="testPages.HomePageTest" name="use_of_getAttribute_method" time="0.0">
    <ignored/>
  </testcase> <!-- use_of_getAttribute_method -->
  <testcase classname="testPages.HomePageTest" name="useOfSendKeys" time="0.0">
    <ignored/>
  </testcase> <!-- useOfSendKeys -->
  <testcase classname="testPages.HomePageTest" name="use_of_getText_in_insurance_page" time="0.0">
    <ignored/>
  </testcase> <!-- use_of_getText_in_insurance_page -->
  <testcase classname="testPages.HomePageTest" name="inputTextInPasswordField" time="0.0">
    <ignored/>
  </testcase> <!-- inputTextInPasswordField -->
  <testcase classname="testPages.HomePageTest" name="useOfLinkTextAsLocator" time="0.0">
    <ignored/>
  </testcase> <!-- useOfLinkTextAsLocator -->
=======
<testsuite ignored="19" hostname="DESKTOP-N2T4CKF" failures="0" tests="1" name="Default test" time="7.732" errors="0" timestamp="2023-01-04T08:15:51 EST">
  <testcase classname="testPages.HomePageTest" name="use_of_getAttribute_method" time="0.037"/>
  <testcase classname="testPages.HomePageTest" name="useOfReturn" time="0.0">
    <ignored/>
  </testcase> <!-- useOfReturn -->
  <testcase classname="testPages.HomePageTest" name="inputTextInUserIdFieldTest" time="0.0">
    <ignored/>
  </testcase> <!-- inputTextInUserIdFieldTest -->
  <testcase classname="testPages.HomePageTest" name="signinFunctionlityTest" time="0.0">
    <ignored/>
  </testcase> <!-- signinFunctionlityTest -->
  <testcase classname="testPages.HomePageTest" name="use_of_isSelected_in_remember_userID_checkbox" time="0.0">
    <ignored/>
  </testcase> <!-- use_of_isSelected_in_remember_userID_checkbox -->
  <testcase classname="testPages.HomePageTest" name="use_of_getTitle_and_getURL_in_insurance_page" time="0.0">
    <ignored/>
  </testcase> <!-- use_of_getTitle_and_getURL_in_insurance_page -->
  <testcase classname="testPages.HomePageTest" name="inputTextInPasswordField" time="0.0">
    <ignored/>
  </testcase> <!-- inputTextInPasswordField -->
  <testcase classname="testPages.HomePageTest" name="useOfSendKeys" time="0.0">
    <ignored/>
  </testcase> <!-- useOfSendKeys -->
  <testcase classname="testPages.HomePageTest" name="use_of_getText_in_insurance_page" time="0.0">
    <ignored/>
  </testcase> <!-- use_of_getText_in_insurance_page -->
  <testcase classname="testPages.HomePageTest" name="useOfEnter" time="0.0">
    <ignored/>
  </testcase> <!-- useOfEnter -->
  <testcase classname="testPages.HomePageTest" name="use_of_isEnabled_in_signin_button" time="0.0">
    <ignored/>
  </testcase> <!-- use_of_isEnabled_in_signin_button -->
  <testcase classname="testPages.HomePageTest" name="useOfNavigateMethod" time="0.0">
    <ignored/>
  </testcase> <!-- useOfNavigateMethod -->
  <testcase classname="testPages.HomePageTest" name="clickRememberUserIdCheckBoxTest" time="0.0">
    <ignored/>
  </testcase> <!-- clickRememberUserIdCheckBoxTest -->
  <testcase classname="testPages.HomePageTest" name="clickSignin02test" time="0.0">
    <ignored/>
  </testcase> <!-- clickSignin02test -->
  <testcase classname="testPages.HomePageTest" name="clickSignin01test" time="0.0">
    <ignored/>
  </testcase> <!-- clickSignin01test -->
  <testcase classname="testPages.HomePageTest" name="useOfLinkTextAsLocator" time="0.0">
    <ignored/>
  </testcase> <!-- useOfLinkTextAsLocator -->
  <testcase classname="testPages.HomePageTest" name="use_of_isDisplayed_in_logo_image" time="0.0">
    <ignored/>
  </testcase> <!-- use_of_isDisplayed_in_logo_image -->
  <testcase classname="testPages.HomePageTest" name="clickLogoTest" time="0.0">
    <ignored/>
  </testcase> <!-- clickLogoTest -->
  <testcase classname="testPages.HomePageTest" name="use_of_clear_method_in_searchEngine" time="0.0">
    <ignored/>
  </testcase> <!-- use_of_clear_method_in_searchEngine -->
  <testcase classname="testPages.HomePageTest" name="useOfPartialLinkTextAsLocator" time="0.0">
    <ignored/>
  </testcase> <!-- useOfPartialLinkTextAsLocator -->
>>>>>>> Stashed changes
</testsuite> <!-- Default test -->
